User log in : Tue Mar 12 22:25:25 CET 2019User name: Gozer User Last name: Gozerian User nick: gozu
User log in : Tue Mar 12 22:25:41 CET 2019User name: Donald User Last name: Tusk User nick: doniu
User log in : Tue Mar 12 22:27:25 CET 2019 User name: Joseph , User Last name: Ratzinger, User nick: dicky
User log in : Tue Mar 12 22:28:17 CET 2019---- User name: Johan, User Last name: Straus, User nick: jo
User log in : Tue Mar 12 22:30:03 CET 2019---- User name: Bart', User Last name: Simpson', User nick: b'
User log in : Tue Mar 12 22:31:30 CET 2019 ----  User name: 'Amanda', User Last name: 'Man-da', User nick: 'aMan'
User log in : Tue Mar 12 22:32:11 CET 2019    User name: 'Dick', User Last name: 'Black', User nick: 'blackDick'
User log in : Thu Mar 14 21:45:31 CET 2019    User number: '123 null
User log in : Thu Mar 14 21:47:28 CET 2019    User number: '6 null
User log in : Thu Mar 14 21:50:15 CET 2019    User number: '0 null
User log in : Thu Mar 14 21:51:18 CET 2019    User number: '0 null
User log in : Thu Mar 14 21:51:56 CET 2019    User number: '12 null
User log in : Thu Mar 14 21:52:27 CET 2019    User number: '0 null
User log in : Thu Mar 14 21:52:56 CET 2019    User number: '0 null
User log in : Thu Mar 14 21:54:22 CET 2019    User number: '123 null
User log in : Thu Mar 14 21:55:28 CET 2019    User number: '123 null
User log in : Thu Mar 14 21:58:40 CET 2019    User number: '0 null
User log in : Thu Mar 14 21:59:20 CET 2019    User number: '0 null
User log in : Thu Mar 14 22:00:16 CET 2019    User number: '0 null
User log in : Thu Mar 14 22:01:47 CET 2019    User number: '0 null
User log in : Thu Mar 14 22:02:46 CET 2019    User number: '0 null
User log in : Thu Mar 14 22:03:41 CET 2019    User number: '0 null
User log in : Thu Mar 14 22:05:56 CET 2019    User number: '0 null
User log in : Thu Mar 14 22:06:18 CET 2019    User number: '0 null
User log in : Thu Mar 14 22:06:57 CET 2019    User number: '0 null
User log in : Thu Mar 14 22:07:44 CET 2019    User number: '45 null
User log in : Thu Mar 14 22:08:26 CET 2019    User number: '45 null
User log in : Thu Mar 14 22:12:17 CET 2019    User number: '12 null
User log in : Thu Mar 14 22:13:24 CET 2019    User number: '1234 null
User log in : Thu Mar 14 22:15:22 CET 2019    User number: '1234 null
User log in : Thu Mar 14 22:22:50 CET 2019    User number: '1324 null
User log in : Thu Mar 14 22:23:24 CET 2019    User number: '1234 null
User log in : Thu Mar 14 22:23:41 CET 2019    User number: '1324 null
User log in : Thu Mar 14 22:24:03 CET 2019    User number: '1324 null
User log in : Thu Mar 14 22:24:38 CET 2019    User number: '4567 null
User log in : Thu Mar 14 22:27:35 CET 2019    User number: '1324 null
User log in : Thu Mar 14 22:29:46 CET 2019    User number: '1234 Basic
User log in : Thu Mar 14 22:31:25 CET 2019    User number: '1234 Basic
User log in : Thu Mar 14 22:31:38 CET 2019    User number: '3255 Expert
User log in : Thu Mar 14 22:33:07 CET 2019    User number: '1234' Basic
User log in : Thu Aug 22 22:02:31 CEST 2019    User number: '1234' Basic
